<?xml version="1.0" encoding="UTF-8"?>
<!-- Generated by org.testng.reporters.JUnitXMLReporter -->
<testsuite hostname="LAP-136" ignored="0" name="Test" tests="1" failures="0" timestamp="23 Nov 2022 10:59:31 GMT" time="0.014" errors="0">
  <testcase name="@BeforeSuite setup" time="12.185" classname="com.pom.utilities.BaseClass">
    <failure type="org.openqa.selenium.WebDriverException" message="unknown error: Chrome failed to start: exited normally.
  (chrome not reachable)
  (The process started from chrome location C:\Program Files\Google\Chrome\Application\chrome.exe is no longer running, so ChromeDriver is assuming that Chrome has crashed.)
Build info: version: &amp;apos;4.0.0-alpha-7&amp;apos;, revision: &amp;apos;de8579b6d5&amp;apos;
System info: host: &amp;apos;LAP-136&amp;apos;, ip: &amp;apos;192.168.41.161&amp;apos;, os.name: &amp;apos;Windows 10&amp;apos;, os.arch: &amp;apos;amd64&amp;apos;, os.version: &amp;apos;10.0&amp;apos;, java.version: &amp;apos;1.8.0_321&amp;apos;
Driver info: driver.version: ChromeDriver
remote stacktrace: Backtrace:
	Ordinal0 [0x00F51ED3+2236115]
	Ordinal0 [0x00EE92F1+1807089]
	Ordinal0 [0x00DF66FD+812797]
	Ordinal0 [0x00E158F9+940281]
	Ordinal0 [0x00E119C9+924105]
	Ordinal0 [0x00E4806C+1146988]
	Ordinal0 [0x00E47A6A+1145450]
	Ordinal0 [0x00E418A6+1120422]
	Ordinal0 [0x00E1A73D+960317]
	Ordinal0 [0x00E1B71F+964383]
	GetHandleVerifier [0x011FE7E2+2743074]
	GetHandleVerifier [0x011F08D4+2685972]
	GetHandleVerifier [0x00FE2BAA+532202]
	GetHandleVerifier [0x00FE1990+527568]
	Ordinal0 [0x00EF080C+1837068]
	Ordinal0 [0x00EF4CD8+1854680]
	Ordinal0 [0x00EF4DC5+1854917]
	Ordinal0 [0x00EFED64+1895780]
	BaseThreadInitThunk [0x75BAFA29+25]
	RtlGetAppContainerNamedObjectPath [0x775E7A9E+286]
	RtlGetAppContainerNamedObjectPath [0x775E7A6E+238]
">
      <![CDATA[org.openqa.selenium.WebDriverException: unknown error: Chrome failed to start: exited normally.
  (chrome not reachable)
  (The process started from chrome location C:\Program Files\Google\Chrome\Application\chrome.exe is no longer running, so ChromeDriver is assuming that Chrome has crashed.)
Build info: version: '4.0.0-alpha-7', revision: 'de8579b6d5'
System info: host: 'LAP-136', ip: '192.168.41.161', os.name: 'Windows 10', os.arch: 'amd64', os.version: '10.0', java.version: '1.8.0_321'
Driver info: driver.version: ChromeDriver
remote stacktrace: Backtrace:
	Ordinal0 [0x00F51ED3+2236115]
	Ordinal0 [0x00EE92F1+1807089]
	Ordinal0 [0x00DF66FD+812797]
	Ordinal0 [0x00E158F9+940281]
	Ordinal0 [0x00E119C9+924105]
	Ordinal0 [0x00E4806C+1146988]
	Ordinal0 [0x00E47A6A+1145450]
	Ordinal0 [0x00E418A6+1120422]
	Ordinal0 [0x00E1A73D+960317]
	Ordinal0 [0x00E1B71F+964383]
	GetHandleVerifier [0x011FE7E2+2743074]
	GetHandleVerifier [0x011F08D4+2685972]
	GetHandleVerifier [0x00FE2BAA+532202]
	GetHandleVerifier [0x00FE1990+527568]
	Ordinal0 [0x00EF080C+1837068]
	Ordinal0 [0x00EF4CD8+1854680]
	Ordinal0 [0x00EF4DC5+1854917]
	Ordinal0 [0x00EFED64+1895780]
	BaseThreadInitThunk [0x75BAFA29+25]
	RtlGetAppContainerNamedObjectPath [0x775E7A9E+286]
	RtlGetAppContainerNamedObjectPath [0x775E7A6E+238]

	at org.openqa.selenium.remote.W3CHandshakeResponse.lambda$errorHandler$0(W3CHandshakeResponse.java:62)
	at org.openqa.selenium.remote.HandshakeResponse.lambda$getResponseFunction$0(HandshakeResponse.java:30)
	at org.openqa.selenium.remote.ProtocolHandshake.lambda$createSession$1(ProtocolHandshake.java:126)
	at java.util.stream.ReferencePipeline$3$1.accept(Unknown Source)
	at java.util.Spliterators$ArraySpliterator.tryAdvance(Unknown Source)
	at java.util.stream.ReferencePipeline.forEachWithCancel(Unknown Source)
	at java.util.stream.AbstractPipeline.copyIntoWithCancel(Unknown Source)
	at java.util.stream.AbstractPipeline.copyInto(Unknown Source)
	at java.util.stream.AbstractPipeline.wrapAndCopyInto(Unknown Source)
	at java.util.stream.FindOps$FindOp.evaluateSequential(Unknown Source)
	at java.util.stream.AbstractPipeline.evaluate(Unknown Source)
	at java.util.stream.ReferencePipeline.findFirst(Unknown Source)
	at org.openqa.selenium.remote.ProtocolHandshake.createSession(ProtocolHandshake.java:128)
	at org.openqa.selenium.remote.ProtocolHandshake.createSession(ProtocolHandshake.java:75)
	at org.openqa.selenium.remote.HttpCommandExecutor.execute(HttpCommandExecutor.java:139)
	at org.openqa.selenium.remote.service.DriverCommandExecutor.execute(DriverCommandExecutor.java:123)
	at org.openqa.selenium.remote.RemoteWebDriver.execute(RemoteWebDriver.java:501)
	at org.openqa.selenium.remote.RemoteWebDriver.startSession(RemoteWebDriver.java:207)
	at org.openqa.selenium.remote.RemoteWebDriver.<init>(RemoteWebDriver.java:127)
	at org.openqa.selenium.chromium.ChromiumDriver.<init>(ChromiumDriver.java:93)
	at org.openqa.selenium.chrome.ChromeDriver.<init>(ChromeDriver.java:163)
	at org.openqa.selenium.chrome.ChromeDriver.<init>(ChromeDriver.java:150)
	at org.openqa.selenium.chrome.ChromeDriver.<init>(ChromeDriver.java:105)
	at com.pom.utilities.BaseClass.setup(BaseClass.java:49)
... Removed 23 stack frames]]>
    </failure>
  </testcase> <!-- @BeforeSuite setup -->
  <testcase name="@BeforeClass initializeObjects" time="0.0" classname="com.pom.utilities.BaseClass">
    <skipped/>
  </testcase> <!-- @BeforeClass initializeObjects -->
  <testcase name="@BeforeMethod getMethodName" time="0.0" classname="com.pom.utilities.BaseClass">
    <skipped/>
  </testcase> <!-- @BeforeMethod getMethodName -->
  <testcase name="clickSignUpButton" time="0.0" classname="com.pom.scripts.HomePageScript">
    <skipped/>
  </testcase> <!-- clickSignUpButton -->
</testsuite> <!-- Test -->
