<?xml version="1.0" encoding="UTF-8"?>
<testng-results skipped="1" failed="0" ignored="0" total="1" passed="0">
  <reporter-output>
  </reporter-output>
  <suite name="Suite" duration-ms="14" started-at="2022-11-23T10:59:31Z" finished-at="2022-11-23T10:59:31Z">
    <groups>
    </groups>
    <test name="Test" duration-ms="14" started-at="2022-11-23T10:59:31Z" finished-at="2022-11-23T10:59:31Z">
      <class name="com.pom.scripts.HomePageScript">
        <test-method status="FAIL" signature="setup()[pri:0, instance:com.pom.scripts.HomePageScript@dc24521]" name="setup" is-config="true" duration-ms="12185" started-at="2022-11-23T16:29:19Z" finished-at="2022-11-23T16:29:31Z">
          <exception class="org.openqa.selenium.WebDriverException">
            <message>
              <![CDATA[unknown error: Chrome failed to start: exited normally.
  (chrome not reachable)
  (The process started from chrome location C:\Program Files\Google\Chrome\Application\chrome.exe is no longer running, so ChromeDriver is assuming that Chrome has crashed.)
Build info: version: '4.0.0-alpha-7', revision: 'de8579b6d5'
System info: host: 'LAP-136', ip: '192.168.41.161', os.name: 'Windows 10', os.arch: 'amd64', os.version: '10.0', java.version: '1.8.0_321'
Driver info: driver.version: ChromeDriver
remote stacktrace: Backtrace:
	Ordinal0 [0x00F51ED3+2236115]
	Ordinal0 [0x00EE92F1+1807089]
	Ordinal0 [0x00DF66FD+812797]
	Ordinal0 [0x00E158F9+940281]
	Ordinal0 [0x00E119C9+924105]
	Ordinal0 [0x00E4806C+1146988]
	Ordinal0 [0x00E47A6A+1145450]
	Ordinal0 [0x00E418A6+1120422]
	Ordinal0 [0x00E1A73D+960317]
	Ordinal0 [0x00E1B71F+964383]
	GetHandleVerifier [0x011FE7E2+2743074]
	GetHandleVerifier [0x011F08D4+2685972]
	GetHandleVerifier [0x00FE2BAA+532202]
	GetHandleVerifier [0x00FE1990+527568]
	Ordinal0 [0x00EF080C+1837068]
	Ordinal0 [0x00EF4CD8+1854680]
	Ordinal0 [0x00EF4DC5+1854917]
	Ordinal0 [0x00EFED64+1895780]
	BaseThreadInitThunk [0x75BAFA29+25]
	RtlGetAppContainerNamedObjectPath [0x775E7A9E+286]
	RtlGetAppContainerNamedObjectPath [0x775E7A6E+238]
]]>
            </message>
            <full-stacktrace>
              <![CDATA[org.openqa.selenium.WebDriverException: unknown error: Chrome failed to start: exited normally.
  (chrome not reachable)
  (The process started from chrome location C:\Program Files\Google\Chrome\Application\chrome.exe is no longer running, so ChromeDriver is assuming that Chrome has crashed.)
Build info: version: '4.0.0-alpha-7', revision: 'de8579b6d5'
System info: host: 'LAP-136', ip: '192.168.41.161', os.name: 'Windows 10', os.arch: 'amd64', os.version: '10.0', java.version: '1.8.0_321'
Driver info: driver.version: ChromeDriver
remote stacktrace: Backtrace:
	Ordinal0 [0x00F51ED3+2236115]
	Ordinal0 [0x00EE92F1+1807089]
	Ordinal0 [0x00DF66FD+812797]
	Ordinal0 [0x00E158F9+940281]
	Ordinal0 [0x00E119C9+924105]
	Ordinal0 [0x00E4806C+1146988]
	Ordinal0 [0x00E47A6A+1145450]
	Ordinal0 [0x00E418A6+1120422]
	Ordinal0 [0x00E1A73D+960317]
	Ordinal0 [0x00E1B71F+964383]
	GetHandleVerifier [0x011FE7E2+2743074]
	GetHandleVerifier [0x011F08D4+2685972]
	GetHandleVerifier [0x00FE2BAA+532202]
	GetHandleVerifier [0x00FE1990+527568]
	Ordinal0 [0x00EF080C+1837068]
	Ordinal0 [0x00EF4CD8+1854680]
	Ordinal0 [0x00EF4DC5+1854917]
	Ordinal0 [0x00EFED64+1895780]
	BaseThreadInitThunk [0x75BAFA29+25]
	RtlGetAppContainerNamedObjectPath [0x775E7A9E+286]
	RtlGetAppContainerNamedObjectPath [0x775E7A6E+238]

	at sun.reflect.NativeConstructorAccessorImpl.newInstance0(Native Method)
	at sun.reflect.NativeConstructorAccessorImpl.newInstance(Unknown Source)
	at sun.reflect.DelegatingConstructorAccessorImpl.newInstance(Unknown Source)
	at java.lang.reflect.Constructor.newInstance(Unknown Source)
	at org.openqa.selenium.remote.W3CHandshakeResponse.lambda$errorHandler$0(W3CHandshakeResponse.java:62)
	at org.openqa.selenium.remote.HandshakeResponse.lambda$getResponseFunction$0(HandshakeResponse.java:30)
	at org.openqa.selenium.remote.ProtocolHandshake.lambda$createSession$1(ProtocolHandshake.java:126)
	at java.util.stream.ReferencePipeline$3$1.accept(Unknown Source)
	at java.util.Spliterators$ArraySpliterator.tryAdvance(Unknown Source)
	at java.util.stream.ReferencePipeline.forEachWithCancel(Unknown Source)
	at java.util.stream.AbstractPipeline.copyIntoWithCancel(Unknown Source)
	at java.util.stream.AbstractPipeline.copyInto(Unknown Source)
	at java.util.stream.AbstractPipeline.wrapAndCopyInto(Unknown Source)
	at java.util.stream.FindOps$FindOp.evaluateSequential(Unknown Source)
	at java.util.stream.AbstractPipeline.evaluate(Unknown Source)
	at java.util.stream.ReferencePipeline.findFirst(Unknown Source)
	at org.openqa.selenium.remote.ProtocolHandshake.createSession(ProtocolHandshake.java:128)
	at org.openqa.selenium.remote.ProtocolHandshake.createSession(ProtocolHandshake.java:75)
	at org.openqa.selenium.remote.HttpCommandExecutor.execute(HttpCommandExecutor.java:139)
	at org.openqa.selenium.remote.service.DriverCommandExecutor.execute(DriverCommandExecutor.java:123)
	at org.openqa.selenium.remote.RemoteWebDriver.execute(RemoteWebDriver.java:501)
	at org.openqa.selenium.remote.RemoteWebDriver.startSession(RemoteWebDriver.java:207)
	at org.openqa.selenium.remote.RemoteWebDriver.<init>(RemoteWebDriver.java:127)
	at org.openqa.selenium.chromium.ChromiumDriver.<init>(ChromiumDriver.java:93)
	at org.openqa.selenium.chrome.ChromeDriver.<init>(ChromeDriver.java:163)
	at org.openqa.selenium.chrome.ChromeDriver.<init>(ChromeDriver.java:150)
	at org.openqa.selenium.chrome.ChromeDriver.<init>(ChromeDriver.java:105)
	at com.pom.utilities.BaseClass.setup(BaseClass.java:49)
	at sun.reflect.NativeMethodAccessorImpl.invoke0(Native Method)
	at sun.reflect.NativeMethodAccessorImpl.invoke(Unknown Source)
	at sun.reflect.DelegatingMethodAccessorImpl.invoke(Unknown Source)
	at java.lang.reflect.Method.invoke(Unknown Source)
	at org.testng.internal.MethodInvocationHelper.invokeMethod(MethodInvocationHelper.java:108)
	at org.testng.internal.Invoker.invokeConfigurationMethod(Invoker.java:523)
	at org.testng.internal.Invoker.invokeConfigurations(Invoker.java:224)
	at org.testng.internal.Invoker.invokeConfigurations(Invoker.java:146)
	at org.testng.SuiteRunner.privateRun(SuiteRunner.java:326)
	at org.testng.SuiteRunner.run(SuiteRunner.java:289)
	at org.testng.SuiteRunnerWorker.runSuite(SuiteRunnerWorker.java:52)
	at org.testng.SuiteRunnerWorker.run(SuiteRunnerWorker.java:86)
	at org.testng.TestNG.runSuitesSequentially(TestNG.java:1301)
	at org.testng.TestNG.runSuitesLocally(TestNG.java:1226)
	at org.testng.TestNG.runSuites(TestNG.java:1144)
	at org.testng.TestNG.run(TestNG.java:1115)
	at org.testng.remote.AbstractRemoteTestNG.run(AbstractRemoteTestNG.java:126)
	at org.testng.remote.RemoteTestNG.initAndRun(RemoteTestNG.java:137)
	at org.testng.remote.RemoteTestNG.main(RemoteTestNG.java:58)
]]>
            </full-stacktrace>
          </exception> <!-- org.openqa.selenium.WebDriverException -->
          <reporter-output>
          </reporter-output>
        </test-method> <!-- setup -->
        <test-method status="SKIP" signature="initializeObjects()[pri:0, instance:com.pom.scripts.HomePageScript@dc24521]" name="initializeObjects" is-config="true" duration-ms="0" started-at="2022-11-23T16:29:31Z" finished-at="2022-11-23T16:29:31Z">
          <reporter-output>
          </reporter-output>
        </test-method> <!-- initializeObjects -->
        <test-method status="SKIP" signature="getMethodName(java.lang.reflect.Method)[pri:0, instance:com.pom.scripts.HomePageScript@dc24521]" name="getMethodName" is-config="true" duration-ms="0" started-at="2022-11-23T16:29:31Z" finished-at="2022-11-23T16:29:31Z">
          <reporter-output>
          </reporter-output>
        </test-method> <!-- getMethodName -->
        <test-method status="SKIP" signature="clickSignUpButton()[pri:0, instance:com.pom.scripts.HomePageScript@dc24521]" name="clickSignUpButton" duration-ms="0" started-at="2022-11-23T16:29:31Z" finished-at="2022-11-23T16:29:31Z">
          <exception class="org.openqa.selenium.WebDriverException">
            <message>
              <![CDATA[unknown error: Chrome failed to start: exited normally.
  (chrome not reachable)
  (The process started from chrome location C:\Program Files\Google\Chrome\Application\chrome.exe is no longer running, so ChromeDriver is assuming that Chrome has crashed.)
Build info: version: '4.0.0-alpha-7', revision: 'de8579b6d5'
System info: host: 'LAP-136', ip: '192.168.41.161', os.name: 'Windows 10', os.arch: 'amd64', os.version: '10.0', java.version: '1.8.0_321'
Driver info: driver.version: ChromeDriver
remote stacktrace: Backtrace:
	Ordinal0 [0x00F51ED3+2236115]
	Ordinal0 [0x00EE92F1+1807089]
	Ordinal0 [0x00DF66FD+812797]
	Ordinal0 [0x00E158F9+940281]
	Ordinal0 [0x00E119C9+924105]
	Ordinal0 [0x00E4806C+1146988]
	Ordinal0 [0x00E47A6A+1145450]
	Ordinal0 [0x00E418A6+1120422]
	Ordinal0 [0x00E1A73D+960317]
	Ordinal0 [0x00E1B71F+964383]
	GetHandleVerifier [0x011FE7E2+2743074]
	GetHandleVerifier [0x011F08D4+2685972]
	GetHandleVerifier [0x00FE2BAA+532202]
	GetHandleVerifier [0x00FE1990+527568]
	Ordinal0 [0x00EF080C+1837068]
	Ordinal0 [0x00EF4CD8+1854680]
	Ordinal0 [0x00EF4DC5+1854917]
	Ordinal0 [0x00EFED64+1895780]
	BaseThreadInitThunk [0x75BAFA29+25]
	RtlGetAppContainerNamedObjectPath [0x775E7A9E+286]
	RtlGetAppContainerNamedObjectPath [0x775E7A6E+238]
]]>
            </message>
            <full-stacktrace>
              <![CDATA[org.openqa.selenium.WebDriverException: unknown error: Chrome failed to start: exited normally.
  (chrome not reachable)
  (The process started from chrome location C:\Program Files\Google\Chrome\Application\chrome.exe is no longer running, so ChromeDriver is assuming that Chrome has crashed.)
Build info: version: '4.0.0-alpha-7', revision: 'de8579b6d5'
System info: host: 'LAP-136', ip: '192.168.41.161', os.name: 'Windows 10', os.arch: 'amd64', os.version: '10.0', java.version: '1.8.0_321'
Driver info: driver.version: ChromeDriver
remote stacktrace: Backtrace:
	Ordinal0 [0x00F51ED3+2236115]
	Ordinal0 [0x00EE92F1+1807089]
	Ordinal0 [0x00DF66FD+812797]
	Ordinal0 [0x00E158F9+940281]
	Ordinal0 [0x00E119C9+924105]
	Ordinal0 [0x00E4806C+1146988]
	Ordinal0 [0x00E47A6A+1145450]
	Ordinal0 [0x00E418A6+1120422]
	Ordinal0 [0x00E1A73D+960317]
	Ordinal0 [0x00E1B71F+964383]
	GetHandleVerifier [0x011FE7E2+2743074]
	GetHandleVerifier [0x011F08D4+2685972]
	GetHandleVerifier [0x00FE2BAA+532202]
	GetHandleVerifier [0x00FE1990+527568]
	Ordinal0 [0x00EF080C+1837068]
	Ordinal0 [0x00EF4CD8+1854680]
	Ordinal0 [0x00EF4DC5+1854917]
	Ordinal0 [0x00EFED64+1895780]
	BaseThreadInitThunk [0x75BAFA29+25]
	RtlGetAppContainerNamedObjectPath [0x775E7A9E+286]
	RtlGetAppContainerNamedObjectPath [0x775E7A6E+238]

	at sun.reflect.NativeConstructorAccessorImpl.newInstance0(Native Method)
	at sun.reflect.NativeConstructorAccessorImpl.newInstance(Unknown Source)
	at sun.reflect.DelegatingConstructorAccessorImpl.newInstance(Unknown Source)
	at java.lang.reflect.Constructor.newInstance(Unknown Source)
	at org.openqa.selenium.remote.W3CHandshakeResponse.lambda$errorHandler$0(W3CHandshakeResponse.java:62)
	at org.openqa.selenium.remote.HandshakeResponse.lambda$getResponseFunction$0(HandshakeResponse.java:30)
	at org.openqa.selenium.remote.ProtocolHandshake.lambda$createSession$1(ProtocolHandshake.java:126)
	at java.util.stream.ReferencePipeline$3$1.accept(Unknown Source)
	at java.util.Spliterators$ArraySpliterator.tryAdvance(Unknown Source)
	at java.util.stream.ReferencePipeline.forEachWithCancel(Unknown Source)
	at java.util.stream.AbstractPipeline.copyIntoWithCancel(Unknown Source)
	at java.util.stream.AbstractPipeline.copyInto(Unknown Source)
	at java.util.stream.AbstractPipeline.wrapAndCopyInto(Unknown Source)
	at java.util.stream.FindOps$FindOp.evaluateSequential(Unknown Source)
	at java.util.stream.AbstractPipeline.evaluate(Unknown Source)
	at java.util.stream.ReferencePipeline.findFirst(Unknown Source)
	at org.openqa.selenium.remote.ProtocolHandshake.createSession(ProtocolHandshake.java:128)
	at org.openqa.selenium.remote.ProtocolHandshake.createSession(ProtocolHandshake.java:75)
	at org.openqa.selenium.remote.HttpCommandExecutor.execute(HttpCommandExecutor.java:139)
	at org.openqa.selenium.remote.service.DriverCommandExecutor.execute(DriverCommandExecutor.java:123)
	at org.openqa.selenium.remote.RemoteWebDriver.execute(RemoteWebDriver.java:501)
	at org.openqa.selenium.remote.RemoteWebDriver.startSession(RemoteWebDriver.java:207)
	at org.openqa.selenium.remote.RemoteWebDriver.<init>(RemoteWebDriver.java:127)
	at org.openqa.selenium.chromium.ChromiumDriver.<init>(ChromiumDriver.java:93)
	at org.openqa.selenium.chrome.ChromeDriver.<init>(ChromeDriver.java:163)
	at org.openqa.selenium.chrome.ChromeDriver.<init>(ChromeDriver.java:150)
	at org.openqa.selenium.chrome.ChromeDriver.<init>(ChromeDriver.java:105)
	at com.pom.utilities.BaseClass.setup(BaseClass.java:49)
	at sun.reflect.NativeMethodAccessorImpl.invoke0(Native Method)
	at sun.reflect.NativeMethodAccessorImpl.invoke(Unknown Source)
	at sun.reflect.DelegatingMethodAccessorImpl.invoke(Unknown Source)
	at java.lang.reflect.Method.invoke(Unknown Source)
	at org.testng.internal.MethodInvocationHelper.invokeMethod(MethodInvocationHelper.java:108)
	at org.testng.internal.Invoker.invokeConfigurationMethod(Invoker.java:523)
	at org.testng.internal.Invoker.invokeConfigurations(Invoker.java:224)
	at org.testng.internal.Invoker.invokeConfigurations(Invoker.java:146)
	at org.testng.SuiteRunner.privateRun(SuiteRunner.java:326)
	at org.testng.SuiteRunner.run(SuiteRunner.java:289)
	at org.testng.SuiteRunnerWorker.runSuite(SuiteRunnerWorker.java:52)
	at org.testng.SuiteRunnerWorker.run(SuiteRunnerWorker.java:86)
	at org.testng.TestNG.runSuitesSequentially(TestNG.java:1301)
	at org.testng.TestNG.runSuitesLocally(TestNG.java:1226)
	at org.testng.TestNG.runSuites(TestNG.java:1144)
	at org.testng.TestNG.run(TestNG.java:1115)
	at org.testng.remote.AbstractRemoteTestNG.run(AbstractRemoteTestNG.java:126)
	at org.testng.remote.RemoteTestNG.initAndRun(RemoteTestNG.java:137)
	at org.testng.remote.RemoteTestNG.main(RemoteTestNG.java:58)
]]>
            </full-stacktrace>
          </exception> <!-- org.openqa.selenium.WebDriverException -->
          <reporter-output>
          </reporter-output>
        </test-method> <!-- clickSignUpButton -->
        <test-method status="SKIP" signature="quitDriver()[pri:0, instance:com.pom.scripts.HomePageScript@dc24521]" name="quitDriver" is-config="true" duration-ms="0" started-at="2022-11-23T16:29:31Z" finished-at="2022-11-23T16:29:31Z">
          <reporter-output>
          </reporter-output>
        </test-method> <!-- quitDriver -->
      </class> <!-- com.pom.scripts.HomePageScript -->
    </test> <!-- Test -->
  </suite> <!-- Suite -->
</testng-results>
